app/build/intermediates/manifest_merge_blame_file/debug/manifest-merger-blame-debug-report.txt
1<?xml version="1.0" encoding="utf-8"?>
2<manifest xmlns:android="http://schemas.android.com/apk/res/android"
3    package="com.example.myproject"
4    android:versionCode="1"
5    android:versionName="1.0" >
6
7    <uses-sdk
8        android:minSdkVersion="15"
8-->src/main/AndroidManifest.xml
9        android:targetSdkVersion="28" />
9-->src/main/AndroidManifest.xml
10
11    <application
11-->src/main/AndroidManifest.xml:5:5-32:19
12        android:allowBackup="true"
12-->src/main/AndroidManifest.xml:6:9-35
13        android:appComponentFactory="androidx.core.app.CoreComponentFactory"
13-->[androidx.core:core:1.1.0] AndroidManifest.xml:24:18-86
14        android:debuggable="true"
15        android:icon="@mipmap/ic_launcher"
15-->src/main/AndroidManifest.xml:7:9-43
16        android:label="@string/app_name"
16-->src/main/AndroidManifest.xml:8:9-41
17        android:roundIcon="@mipmap/ic_launcher_round"
17-->src/main/AndroidManifest.xml:9:9-54
18        android:supportsRtl="true"
18-->src/main/AndroidManifest.xml:10:9-35
19        android:theme="@style/AppTheme" >
19-->src/main/AndroidManifest.xml:11:9-40
20        <activity android:name="com.example.myproject.AddLocationActivity" />
20-->src/main/AndroidManifest.xml:12:9-66
20-->src/main/AndroidManifest.xml:12:19-54
21        <activity android:name="com.example.myproject.AddReservedActivity" />
21-->src/main/AndroidManifest.xml:13:9-57
21-->src/main/AndroidManifest.xml:13:19-54
22        <activity android:name="com.example.myproject.AddFaciliActivity" />
22-->src/main/AndroidManifest.xml:14:9-55
22-->src/main/AndroidManifest.xml:14:19-52
23        <activity android:name="com.example.myproject.AdmCalenderActivity" />
23-->src/main/AndroidManifest.xml:15:9-57
23-->src/main/AndroidManifest.xml:15:19-54
24        <activity android:name="com.example.myproject.AddRoomActivity" />
24-->src/main/AndroidManifest.xml:16:9-53
24-->src/main/AndroidManifest.xml:16:19-50
25        <activity android:name="com.example.myproject.AddGalleryActivity" />
25-->src/main/AndroidManifest.xml:17:9-56
25-->src/main/AndroidManifest.xml:17:19-53
26        <activity android:name="com.example.myproject.AdmHomeActivity" />
26-->src/main/AndroidManifest.xml:18:9-53
26-->src/main/AndroidManifest.xml:18:19-50
27        <activity
27-->src/main/AndroidManifest.xml:19:9-22:59
28            android:name="com.example.myproject.Main3Activity"
28-->src/main/AndroidManifest.xml:20:13-42
29            android:label="@string/title_activity_main3"
29-->src/main/AndroidManifest.xml:21:13-57
30            android:theme="@style/AppTheme.NoActionBar" />
30-->src/main/AndroidManifest.xml:22:13-56
31        <activity android:name="com.example.myproject.HotelActivity" />
31-->src/main/AndroidManifest.xml:23:9-51
31-->src/main/AndroidManifest.xml:23:19-48
32        <activity android:name="com.example.myproject.Main2Activity" />
32-->src/main/AndroidManifest.xml:24:9-51
32-->src/main/AndroidManifest.xml:24:19-48
33        <activity android:name="com.example.myproject.MainActivity" >
33-->src/main/AndroidManifest.xml:25:9-31:20
33-->src/main/AndroidManifest.xml:25:19-47
34            <intent-filter>
34-->src/main/AndroidManifest.xml:26:13-30:29
35                <action android:name="android.intent.action.MAIN" />
35-->src/main/AndroidManifest.xml:27:17-69
35-->src/main/AndroidManifest.xml:27:25-66
36
37                <category android:name="android.intent.category.LAUNCHER" />
37-->src/main/AndroidManifest.xml:29:17-77
37-->src/main/AndroidManifest.xml:29:27-74
38            </intent-filter>
39        </activity>
40
41        <provider
41-->[androidx.lifecycle:lifecycle-process:2.1.0] AndroidManifest.xml:23:9-27:43
42            android:name="androidx.lifecycle.ProcessLifecycleOwnerInitializer"
42-->[androidx.lifecycle:lifecycle-process:2.1.0] AndroidManifest.xml:24:13-79
43            android:authorities="com.example.myproject.lifecycle-process"
43-->[androidx.lifecycle:lifecycle-process:2.1.0] AndroidManifest.xml:25:13-69
44            android:exported="false"
44-->[androidx.lifecycle:lifecycle-process:2.1.0] AndroidManifest.xml:26:13-37
45            android:multiprocess="true" />
45-->[androidx.lifecycle:lifecycle-process:2.1.0] AndroidManifest.xml:27:13-40
46    </application>
47
48</manifest>